2025.07.24 06:25:30 INFO  app[][o.s.a.AppFileSystem] Cleaning or creating temp directory /opt/sonarqube/temp
2025.07.24 06:25:30 INFO  app[][o.s.a.es.EsSettings] Elasticsearch listening on [HTTP: 127.0.0.1:9001, TCP: 127.0.0.1:{}]
2025.07.24 06:25:30 INFO  app[][o.s.a.ProcessLauncherImpl] Launch process[ELASTICSEARCH] from [/opt/sonarqube/elasticsearch]: /opt/java/openjdk/bin/java -Xms4m -Xmx64m -XX:+UseSerialGC -Dcli.name=server -Dcli.script=./bin/elasticsearch -Dcli.libs=lib/tools/server-cli -Des.path.home=/opt/sonarqube/elasticsearch -Des.path.conf=/opt/sonarqube/temp/conf/es -Des.distribution.type=tar -cp /opt/sonarqube/elasticsearch/lib/*:/opt/sonarqube/elasticsearch/lib/cli-launcher/* org.elasticsearch.launcher.CliToolLauncher
2025.07.24 06:25:30 INFO  app[][o.s.a.SchedulerImpl] Waiting for Elasticsearch to be up and running
2025.07.24 06:25:38 INFO  app[][o.s.a.SchedulerImpl] Process[es] is up
2025.07.24 06:25:38 INFO  app[][o.s.a.ProcessLauncherImpl] Launch process[WEB_SERVER] from [/opt/sonarqube]: /opt/java/openjdk/bin/java -Djava.awt.headless=true -Dfile.encoding=UTF-8 -Djava.io.tmpdir=/opt/sonarqube/temp -XX:-OmitStackTraceInFastThrow --add-opens=java.base/java.util=ALL-UNNAMED --add-opens=java.base/java.lang=ALL-UNNAMED --add-opens=java.base/java.io=ALL-UNNAMED --add-opens=java.rmi/sun.rmi.transport=ALL-UNNAMED --add-exports=java.base/jdk.internal.ref=ALL-UNNAMED --add-opens=java.base/java.nio=ALL-UNNAMED --add-opens=java.base/sun.nio.ch=ALL-UNNAMED --add-opens=java.management/sun.management=ALL-UNNAMED --add-opens=jdk.management/com.sun.management.internal=ALL-UNNAMED -Xmx512m -Xms128m -XX:+HeapDumpOnOutOfMemoryError -Dhttp.nonProxyHosts=localhost|127.*|[::1] -cp ./lib/sonar-application-25.7.0.110598.jar:/opt/sonarqube/lib/jdbc/h2/h2-2.3.232.jar org.sonar.server.app.WebServer /opt/sonarqube/temp/sq-process9824598950600321903properties
2025.07.24 06:26:40 WARN  app[][startup] ####################################################################################################################
2025.07.24 06:26:40 WARN  app[][startup] Default Administrator credentials are still being used. Make sure to change the password or deactivate the account.
2025.07.24 06:26:40 WARN  app[][startup] ####################################################################################################################
2025.07.24 06:26:40 INFO  app[][o.s.a.SchedulerImpl] Process[web] is up
2025.07.24 06:26:40 INFO  app[][o.s.a.ProcessLauncherImpl] Launch process[COMPUTE_ENGINE] from [/opt/sonarqube]: /opt/java/openjdk/bin/java -Djava.awt.headless=true -Dfile.encoding=UTF-8 -Djava.io.tmpdir=/opt/sonarqube/temp -XX:-OmitStackTraceInFastThrow --add-opens=java.base/java.util=ALL-UNNAMED --add-exports=java.base/jdk.internal.ref=ALL-UNNAMED --add-opens=java.base/java.lang=ALL-UNNAMED --add-opens=java.base/java.nio=ALL-UNNAMED --add-opens=java.base/sun.nio.ch=ALL-UNNAMED --add-opens=java.management/sun.management=ALL-UNNAMED --add-opens=jdk.management/com.sun.management.internal=ALL-UNNAMED -Xmx512m -Xms128m -XX:+HeapDumpOnOutOfMemoryError -Dhttp.nonProxyHosts=localhost|127.*|[::1] -cp ./lib/sonar-application-25.7.0.110598.jar:/opt/sonarqube/lib/jdbc/h2/h2-2.3.232.jar org.sonar.ce.app.CeServer /opt/sonarqube/temp/sq-process13609143580214504328properties
2025.07.24 06:26:43 INFO  app[][o.s.a.SchedulerImpl] Process[ce] is up
2025.07.24 06:26:43 INFO  app[][o.s.a.SchedulerImpl] SonarQube is operational
2025.07.24 06:30:09 INFO  app[][o.s.a.SchedulerImpl] Stopping SonarQube
2025.07.24 06:30:09 INFO  app[][o.s.a.SchedulerImpl] Sonarqube has been requested to stop
2025.07.24 06:30:09 INFO  app[][o.s.a.SchedulerImpl] Stopping [Compute Engine] process...
2025.07.24 06:30:09 INFO  app[][o.s.a.SchedulerImpl] Process[Compute Engine] is stopped
2025.07.24 06:30:09 INFO  app[][o.s.a.SchedulerImpl] Stopping [Web Server] process...
2025.07.24 06:30:12 INFO  app[][o.s.a.SchedulerImpl] Process[Web Server] is stopped
2025.07.24 06:30:12 INFO  app[][o.s.a.SchedulerImpl] Stopping [ElasticSearch] process...
2025.07.24 06:30:12 WARN  app[][o.s.a.p.AbstractManagedProcess] Process exited with exit value [ElasticSearch]: 143
2025.07.24 06:30:12 INFO  app[][o.s.a.SchedulerImpl] Process[ElasticSearch] is stopped
2025.07.24 06:30:12 INFO  app[][o.s.a.SchedulerImpl] SonarQube is stopped
2025.07.24 06:30:30 INFO  app[][o.s.a.AppFileSystem] Cleaning or creating temp directory /opt/sonarqube/temp
2025.07.24 06:30:30 INFO  app[][o.s.a.es.EsSettings] Elasticsearch listening on [HTTP: 127.0.0.1:9001, TCP: 127.0.0.1:{}]
2025.07.24 06:30:30 INFO  app[][o.s.a.ProcessLauncherImpl] Launch process[ELASTICSEARCH] from [/opt/sonarqube/elasticsearch]: /opt/java/openjdk/bin/java -Xms4m -Xmx64m -XX:+UseSerialGC -Dcli.name=server -Dcli.script=./bin/elasticsearch -Dcli.libs=lib/tools/server-cli -Des.path.home=/opt/sonarqube/elasticsearch -Des.path.conf=/opt/sonarqube/temp/conf/es -Des.distribution.type=tar -cp /opt/sonarqube/elasticsearch/lib/*:/opt/sonarqube/elasticsearch/lib/cli-launcher/* org.elasticsearch.launcher.CliToolLauncher
2025.07.24 06:30:30 INFO  app[][o.s.a.SchedulerImpl] Waiting for Elasticsearch to be up and running
2025.07.24 06:30:43 INFO  app[][o.s.a.SchedulerImpl] Process[es] is up
2025.07.24 06:30:43 INFO  app[][o.s.a.ProcessLauncherImpl] Launch process[WEB_SERVER] from [/opt/sonarqube]: /opt/java/openjdk/bin/java -Djava.awt.headless=true -Dfile.encoding=UTF-8 -Djava.io.tmpdir=/opt/sonarqube/temp -XX:-OmitStackTraceInFastThrow --add-opens=java.base/java.util=ALL-UNNAMED --add-opens=java.base/java.lang=ALL-UNNAMED --add-opens=java.base/java.io=ALL-UNNAMED --add-opens=java.rmi/sun.rmi.transport=ALL-UNNAMED --add-exports=java.base/jdk.internal.ref=ALL-UNNAMED --add-opens=java.base/java.nio=ALL-UNNAMED --add-opens=java.base/sun.nio.ch=ALL-UNNAMED --add-opens=java.management/sun.management=ALL-UNNAMED --add-opens=jdk.management/com.sun.management.internal=ALL-UNNAMED -Xmx512m -Xms128m -XX:+HeapDumpOnOutOfMemoryError -Dhttp.nonProxyHosts=localhost|127.*|[::1] -cp ./lib/sonar-application-25.7.0.110598.jar:/opt/sonarqube/lib/jdbc/h2/h2-2.3.232.jar org.sonar.server.app.WebServer /opt/sonarqube/temp/sq-process14910543959507517864properties
2025.07.24 06:30:55 INFO  app[][o.s.a.SchedulerImpl] Process[web] is up
2025.07.24 06:30:55 INFO  app[][o.s.a.ProcessLauncherImpl] Launch process[COMPUTE_ENGINE] from [/opt/sonarqube]: /opt/java/openjdk/bin/java -Djava.awt.headless=true -Dfile.encoding=UTF-8 -Djava.io.tmpdir=/opt/sonarqube/temp -XX:-OmitStackTraceInFastThrow --add-opens=java.base/java.util=ALL-UNNAMED --add-exports=java.base/jdk.internal.ref=ALL-UNNAMED --add-opens=java.base/java.lang=ALL-UNNAMED --add-opens=java.base/java.nio=ALL-UNNAMED --add-opens=java.base/sun.nio.ch=ALL-UNNAMED --add-opens=java.management/sun.management=ALL-UNNAMED --add-opens=jdk.management/com.sun.management.internal=ALL-UNNAMED -Xmx512m -Xms128m -XX:+HeapDumpOnOutOfMemoryError -Dhttp.nonProxyHosts=localhost|127.*|[::1] -cp ./lib/sonar-application-25.7.0.110598.jar:/opt/sonarqube/lib/jdbc/h2/h2-2.3.232.jar org.sonar.ce.app.CeServer /opt/sonarqube/temp/sq-process15613299571490290275properties
2025.07.24 06:30:56 WARN  app[][startup] ####################################################################################################################
2025.07.24 06:30:56 WARN  app[][startup] Default Administrator credentials are still being used. Make sure to change the password or deactivate the account.
2025.07.24 06:30:56 WARN  app[][startup] ####################################################################################################################
2025.07.24 06:30:58 INFO  app[][o.s.a.SchedulerImpl] Process[ce] is up
2025.07.24 06:30:58 INFO  app[][o.s.a.SchedulerImpl] SonarQube is operational
