2025.07.24 06:25:38 INFO  web[][o.s.p.ProcessEntryPoint] Starting Web Server
2025.07.24 06:25:38 INFO  web[][o.s.s.a.TomcatHttpConnectorFactory] Starting Tomcat on port 9000
2025.07.24 06:25:39 INFO  web[][o.s.s.p.LogServerVersion] SonarQube Server / 25.7.0.110598 / cc952df44775734b110646001985b9f87752b7e0
2025.07.24 06:25:39 INFO  web[][o.s.s.p.d.EmbeddedDatabase] Starting embedded database on port 9092 with url jdbc:h2:tcp://127.0.0.1:9092/sonar;NON_KEYWORDS=VALUE
2025.07.24 06:25:39 INFO  web[][o.s.s.p.d.EmbeddedDatabase] Embedded database started. Data stored in: /opt/sonarqube/data
2025.07.24 06:25:39 INFO  web[][o.s.d.DefaultDatabase] Create JDBC data source for jdbc:h2:tcp://127.0.0.1:9092/sonar;NON_KEYWORDS=VALUE
2025.07.24 06:25:39 INFO  web[][c.z.h.HikariDataSource] HikariPool-1 - Starting...
2025.07.24 06:25:39 INFO  web[][c.z.h.p.HikariPool] HikariPool-1 - Added connection conn2: url=jdbc:h2:tcp://127.0.0.1:9092/sonar user=
2025.07.24 06:25:39 INFO  web[][c.z.h.HikariDataSource] HikariPool-1 - Start completed.
2025.07.24 06:25:39 WARN  web[][o.s.db.dialect.H2] H2 database should be used for evaluation purpose only.
2025.07.24 06:25:40 INFO  web[][o.s.s.p.ServerFileSystemImpl] SonarQube home: /opt/sonarqube
2025.07.24 06:25:40 INFO  web[][o.s.s.u.SystemPasscodeImpl] System authentication by passcode is disabled
2025.07.24 06:25:40 INFO  web[][o.s.s.p.d.m.h.MigrationHistoryTableImpl] Creating table schema_migrations
2025.07.24 06:25:40 INFO  web[][o.s.s.p.ServerPluginManager] Deploy C# Code Quality and Security / 10.11.0.117924 / 4889442558447932bbf5d7da6de6f367c391d007
2025.07.24 06:25:40 INFO  web[][o.s.s.p.ServerPluginManager] Deploy Clean as You Code / 2.4.0.2018 / c2f7910f6ecac6faa73001eeac4bd79a2db98cd3
2025.07.24 06:25:40 INFO  web[][o.s.s.p.ServerPluginManager] Deploy Flex Code Quality and Security / 2.14.0.5032 / 005476cddc54a18b78eca55d10338702eb31e4b0
2025.07.24 06:25:40 INFO  web[][o.s.s.p.ServerPluginManager] Deploy Go Code Quality and Security / 1.25.0.3305 / d0ee49fba8f9f16125fae98fd980b56912f410b6
2025.07.24 06:25:40 INFO  web[][o.s.s.p.ServerPluginManager] Deploy HTML Code Quality and Security / 3.19.0.5695 / 4d6d79c1783726575bb4d5bd72f4873e46a99e5f
2025.07.24 06:25:40 INFO  web[][o.s.s.p.ServerPluginManager] Deploy IaC Code Quality and Security / 1.47.0.15287 / null
2025.07.24 06:25:40 INFO  web[][o.s.s.p.ServerPluginManager] Deploy JaCoCo / 1.3.0.1538 / 74a7798c7cea687c72ed9df40c93eb7ea2a58c49
2025.07.24 06:25:40 INFO  web[][o.s.s.p.ServerPluginManager] Deploy Java Advanced Code Quality Analyzer / 8.16.0.131 / 8ce779aa5e09006f1dc3aeadde6531ef87e807b1
2025.07.24 06:25:40 INFO  web[][o.s.s.p.ServerPluginManager] Deploy Java Code Quality and Security / 8.16.0.39645 / 1b4e94ab595a2c89c14c1a098dffb120cee7e2d5
2025.07.24 06:25:40 INFO  web[][o.s.s.p.ServerPluginManager] Deploy JavaScript/TypeScript/CSS Code Quality and Security / 10.23.0.32711 / c26e1021516f10815719b93e648bdf732edda7e7
2025.07.24 06:25:40 INFO  web[][o.s.s.p.ServerPluginManager] Deploy Kotlin Code Quality and Security / 3.2.0.7239 / f9d8f13d3da9cd017e0225aff04aaf9a541043f3
2025.07.24 06:25:40 INFO  web[][o.s.s.p.ServerPluginManager] Deploy PHP Code Quality and Security / 3.46.0.13151 / null
2025.07.24 06:25:40 INFO  web[][o.s.s.p.ServerPluginManager] Deploy Python Code Quality and Security / 5.5.0.23291 / 1eae161c0d94b3545084cb642663c9a9c12f609c
2025.07.24 06:25:40 INFO  web[][o.s.s.p.ServerPluginManager] Deploy Ruby Code Quality and Security / 1.19.0.471 / 415d28ce6fa5adf005ce5eef827cec15af9c14cf
2025.07.24 06:25:40 INFO  web[][o.s.s.p.ServerPluginManager] Deploy Rust Code Quality and Security / 1.0.3.786 / null
2025.07.24 06:25:40 INFO  web[][o.s.s.p.ServerPluginManager] Deploy Scala Code Quality and Security / 1.19.0.484 / 97a215c0534ecba8b6bc3e32c2589cbd86452170
2025.07.24 06:25:40 INFO  web[][o.s.s.p.ServerPluginManager] Deploy Text Code Quality and Security / 2.24.2.6631 / null
2025.07.24 06:25:40 INFO  web[][o.s.s.p.ServerPluginManager] Deploy VB.NET Code Quality and Security / 10.11.0.117924 / 4889442558447932bbf5d7da6de6f367c391d007
2025.07.24 06:25:40 INFO  web[][o.s.s.p.ServerPluginManager] Deploy XML Code Quality and Security / 2.13.0.5938 / 18b3322855f8543906e10b25f9c57d2f81276c76
2025.07.24 06:25:44 INFO  web[][o.s.s.e.EsClientProvider] Connected to local Elasticsearch: [http://localhost:9001]
2025.07.24 06:25:44 INFO  web[][o.s.s.p.d.m.AutoDbMigration] Automatically perform DB migration on fresh install
2025.07.24 06:25:44 INFO  web[][DbMigrations] Executing 93 DB migrations...
2025.07.24 06:25:44 INFO  web[][DbMigrations] 1/93 #1 'Create initial schema'...
2025.07.24 06:25:45 INFO  web[][DbMigrations] 1/93 #1 'Create initial schema': success | time=201ms
2025.07.24 06:25:45 INFO  web[][DbMigrations] 2/93 #2 'Populate initial schema'...
2025.07.24 06:25:45 INFO  web[][DbMigrations] 2/93 #2 'Populate initial schema': success | time=36ms
2025.07.24 06:25:45 INFO  web[][DbMigrations] 3/93 #202501000 'Rename 'sonar.portfolios.confidential.header' property to 'sonar.pdf.confidential.header.enabled''...
2025.07.24 06:25:45 INFO  web[][DbMigrations] 3/93 #202501000 'Rename 'sonar.portfolios.confidential.header' property to 'sonar.pdf.confidential.header.enabled'': success | time=8ms
2025.07.24 06:25:45 INFO  web[][DbMigrations] 4/93 #202501001 'Delete removed complexity measures from 'project_measures' table'...
2025.07.24 06:25:45 INFO  web[][o.s.s.p.d.m.s.MassUpdate] 0 rows processed (0 items/sec)
2025.07.24 06:25:45 INFO  web[][DbMigrations] 4/93 #202501001 'Delete removed complexity measures from 'project_measures' table': success | time=8ms
2025.07.24 06:25:45 INFO  web[][DbMigrations] 5/93 #202501002 'Delete removed complexity metrics from 'metrics' table'...
2025.07.24 06:25:45 INFO  web[][DbMigrations] 5/93 #202501002 'Delete removed complexity metrics from 'metrics' table': success | time=3ms
2025.07.24 06:25:45 INFO  web[][DbMigrations] 6/93 #202501003 'Create index on 'rule_tags' table'...
2025.07.24 06:25:45 INFO  web[][DbMigrations] 6/93 #202501003 'Create index on 'rule_tags' table': success | time=4ms
2025.07.24 06:25:45 INFO  web[][DbMigrations] 7/93 #202501004 'Rename 'Sonar Way' without 0 new issues condition to 'Sonar Way(legacy)''...
2025.07.24 06:25:45 INFO  web[][DbMigrations] 7/93 #202501004 'Rename 'Sonar Way' without 0 new issues condition to 'Sonar Way(legacy)'': success | time=4ms
2025.07.24 06:25:45 INFO  web[][DbMigrations] 8/93 #202501005 'Create 'user_ai_tool_usages' table'...
2025.07.24 06:25:45 INFO  web[][DbMigrations] 8/93 #202501005 'Create 'user_ai_tool_usages' table': success | time=4ms
2025.07.24 06:25:45 INFO  web[][DbMigrations] 9/93 #202501006 'Add 'detected_ai_code' column to 'projects' table'...
2025.07.24 06:25:45 INFO  web[][DbMigrations] 9/93 #202501006 'Add 'detected_ai_code' column to 'projects' table': success | time=10ms
2025.07.24 06:25:45 INFO  web[][DbMigrations] 10/93 #202501007 'Create table 'migration_logs''...
2025.07.24 06:25:45 INFO  web[][DbMigrations] 10/93 #202501007 'Create table 'migration_logs'': success | time=4ms
2025.07.24 06:25:45 INFO  web[][DbMigrations] 11/93 #202501008 'Log message if SAML configuration is not valid'...
2025.07.24 06:25:45 INFO  web[][DbMigrations] 11/93 #202501008 'Log message if SAML configuration is not valid': success | time=3ms
2025.07.24 06:25:45 INFO  web[][DbMigrations] 12/93 #202501009 'Add 'inline_annotations_enabled' column to 'project_alm_settings' table'...
2025.07.24 06:25:45 INFO  web[][DbMigrations] 12/93 #202501009 'Add 'inline_annotations_enabled' column to 'project_alm_settings' table': success | time=6ms
2025.07.24 06:25:45 INFO  web[][DbMigrations] 13/93 #202501010 'Populate 'inline_annotations_enabled' column for Azure'...
2025.07.24 06:25:45 INFO  web[][o.s.s.p.d.m.s.MassUpdate] 0 rows processed (0 items/sec)
2025.07.24 06:25:45 INFO  web[][DbMigrations] 13/93 #202501010 'Populate 'inline_annotations_enabled' column for Azure': success | time=5ms
2025.07.24 06:25:45 INFO  web[][DbMigrations] 14/93 #202501011 'Update default admin password if still hashed with BCRYPT'...
2025.07.24 06:25:45 INFO  web[][DbMigrations] 14/93 #202501011 'Update default admin password if still hashed with BCRYPT': success | time=3ms
2025.07.24 06:25:45 INFO  web[][DbMigrations] 15/93 #202501012 'Log message if users are still relying on BCRYPT hashed passwords'...
2025.07.24 06:25:45 INFO  web[][DbMigrations] 15/93 #202501012 'Log message if users are still relying on BCRYPT hashed passwords': success | time=3ms
2025.07.24 06:25:45 INFO  web[][DbMigrations] 16/93 #202502000 'Drop 'issues_dependency' table'...
2025.07.24 06:25:45 INFO  web[][DbMigrations] 16/93 #202502000 'Drop 'issues_dependency' table': success | time=3ms
2025.07.24 06:25:45 INFO  web[][DbMigrations] 17/93 #202502001 'Drop 'cve_cwe' table'...
2025.07.24 06:25:45 INFO  web[][DbMigrations] 17/93 #202502001 'Drop 'cve_cwe' table': success | time=2ms
2025.07.24 06:25:45 INFO  web[][DbMigrations] 18/93 #202502002 'Drop 'cves' table'...
2025.07.24 06:25:45 INFO  web[][DbMigrations] 18/93 #202502002 'Drop 'cves' table': success | time=3ms
2025.07.24 06:25:45 INFO  web[][DbMigrations] 19/93 #202502003 'Create table for SCA releases'...
2025.07.24 06:25:45 INFO  web[][DbMigrations] 19/93 #202502003 'Create table for SCA releases': success | time=2ms
2025.07.24 06:25:45 INFO  web[][DbMigrations] 20/93 #202502004 'Create index for SCA releases component'...
2025.07.24 06:25:45 INFO  web[][DbMigrations] 20/93 #202502004 'Create index for SCA releases component': success | time=2ms
2025.07.24 06:25:45 INFO  web[][DbMigrations] 21/93 #202502005 'Create table for SCA dependencies'...
2025.07.24 06:25:45 INFO  web[][DbMigrations] 21/93 #202502005 'Create table for SCA dependencies': success | time=3ms
2025.07.24 06:25:45 INFO  web[][DbMigrations] 22/93 #202502006 'Create index for SCA dependencies to releases'...
2025.07.24 06:25:45 INFO  web[][DbMigrations] 22/93 #202502006 'Create index for SCA dependencies to releases': success | time=2ms
2025.07.24 06:25:45 INFO  web[][DbMigrations] 23/93 #202502007 'Create table for SCA issues'...
2025.07.24 06:25:45 INFO  web[][DbMigrations] 23/93 #202502007 'Create table for SCA issues': success | time=3ms
2025.07.24 06:25:45 INFO  web[][DbMigrations] 24/93 #202502008 'Create unique index on SCA issues'...
2025.07.24 06:25:45 INFO  web[][DbMigrations] 24/93 #202502008 'Create unique index on SCA issues': success | time=3ms
2025.07.24 06:25:45 INFO  web[][DbMigrations] 25/93 #202502009 'Create table for vulnerability subtype of SCA issues'...
2025.07.24 06:25:45 INFO  web[][DbMigrations] 25/93 #202502009 'Create table for vulnerability subtype of SCA issues': success | time=3ms
2025.07.24 06:25:45 INFO  web[][DbMigrations] 26/93 #202502010 'Create table for SCA issues to releases'...
2025.07.24 06:25:45 INFO  web[][DbMigrations] 26/93 #202502010 'Create table for SCA issues to releases': success | time=3ms
2025.07.24 06:25:45 INFO  web[][DbMigrations] 27/93 #202502011 'Create index for SCA issues to releases to SCA issues'...
2025.07.24 06:25:45 INFO  web[][DbMigrations] 27/93 #202502011 'Create index for SCA issues to releases to SCA issues': success | time=2ms
2025.07.24 06:25:45 INFO  web[][DbMigrations] 28/93 #202502012 'Create index for SCA issues to releases to SCA releases'...
2025.07.24 06:25:45 INFO  web[][DbMigrations] 28/93 #202502012 'Create index for SCA issues to releases to SCA releases': success | time=2ms
2025.07.24 06:25:45 INFO  web[][DbMigrations] 29/93 #202502013 'Create unique index for SCA issues to releases'...
2025.07.24 06:25:45 INFO  web[][DbMigrations] 29/93 #202502013 'Create unique index for SCA issues to releases': success | time=2ms
2025.07.24 06:25:45 INFO  web[][DbMigrations] 30/93 #202502014 'Add new_in_pull_request column to SCA releases'...
2025.07.24 06:25:45 INFO  web[][DbMigrations] 30/93 #202502014 'Add new_in_pull_request column to SCA releases': success | time=4ms
2025.07.24 06:25:45 INFO  web[][DbMigrations] 31/93 #202502015 'Add new_in_pull_request column to SCA dependencies'...
2025.07.24 06:25:45 INFO  web[][DbMigrations] 31/93 #202502015 'Add new_in_pull_request column to SCA dependencies': success | time=3ms
2025.07.24 06:25:45 INFO  web[][DbMigrations] 32/93 #202502016 'Insert default AI Codefix provider key and modelKey properties'...
2025.07.24 06:25:45 INFO  web[][DbMigrations] 32/93 #202502016 'Insert default AI Codefix provider key and modelKey properties': success | time=3ms
2025.07.24 06:25:45 INFO  web[][DbMigrations] 33/93 #202502017 'Add table 'architecture_graphs''...
2025.07.24 06:25:45 INFO  web[][DbMigrations] 33/93 #202502017 'Add table 'architecture_graphs'': success | time=3ms
2025.07.24 06:25:45 INFO  web[][DbMigrations] 34/93 #202502018 'Drop 'sca_releases_comp_uuid' index'...
2025.07.24 06:25:45 INFO  web[][DbMigrations] 34/93 #202502018 'Drop 'sca_releases_comp_uuid' index': success | time=3ms
2025.07.24 06:25:45 INFO  web[][DbMigrations] 35/93 #202502019 'Create 'sca_releases_comp_uuid_uuid' index'...
2025.07.24 06:25:45 INFO  web[][DbMigrations] 35/93 #202502019 'Create 'sca_releases_comp_uuid_uuid' index': success | time=2ms
2025.07.24 06:25:45 INFO  web[][DbMigrations] 36/93 #202502020 'Add 'sca_dependencies.production_scope' column'...
2025.07.24 06:25:45 INFO  web[][DbMigrations] 36/93 #202502020 'Add 'sca_dependencies.production_scope' column': success | time=4ms
2025.07.24 06:25:45 INFO  web[][DbMigrations] 37/93 #202502021 'Add declared_license_expression to SCA releases'...
2025.07.24 06:25:45 INFO  web[][DbMigrations] 37/93 #202502021 'Add declared_license_expression to SCA releases': success | time=5ms
2025.07.24 06:25:45 INFO  web[][DbMigrations] 38/93 #202502022 'Create 'uq_idx_ag_branch_type_source' for architecture graphs'...
2025.07.24 06:25:45 INFO  web[][DbMigrations] 38/93 #202502022 'Create 'uq_idx_ag_branch_type_source' for architecture graphs': success | time=4ms
2025.07.24 06:25:45 INFO  web[][DbMigrations] 39/93 #202503000 'Add known_package column to SCA releases'...
2025.07.24 06:25:45 INFO  web[][DbMigrations] 39/93 #202503000 'Add known_package column to SCA releases': success | time=4ms
2025.07.24 06:25:45 INFO  web[][DbMigrations] 40/93 #202503001 'Populate known_package column to SCA releases'...
2025.07.24 06:25:45 INFO  web[][o.s.s.p.d.m.s.MassUpdate] 0 rows processed (0 items/sec)
2025.07.24 06:25:45 INFO  web[][DbMigrations] 40/93 #202503001 'Populate known_package column to SCA releases': success | time=5ms
2025.07.24 06:25:45 INFO  web[][DbMigrations] 41/93 #202503002 'Update known_package on SCA release to be not nullable'...
2025.07.24 06:25:45 INFO  web[][DbMigrations] 41/93 #202503002 'Update known_package on SCA release to be not nullable': success | time=4ms
2025.07.24 06:25:45 INFO  web[][DbMigrations] 42/93 #202503003 'Add status column to SCA issues releases join table'...
2025.07.24 06:25:45 INFO  web[][DbMigrations] 42/93 #202503003 'Add status column to SCA issues releases join table': success | time=4ms
2025.07.24 06:25:45 INFO  web[][DbMigrations] 43/93 #202503004 'Populate status column to SCA issues releases join table'...
2025.07.24 06:25:45 INFO  web[][o.s.s.p.d.m.s.MassUpdate] 0 rows processed (0 items/sec)
2025.07.24 06:25:45 INFO  web[][DbMigrations] 43/93 #202503004 'Populate status column to SCA issues releases join table': success | time=4ms
2025.07.24 06:25:45 INFO  web[][DbMigrations] 44/93 #202503005 'Update status column on SCA issues releases join table to be not nullable'...
2025.07.24 06:25:45 INFO  web[][DbMigrations] 44/93 #202503005 'Update status column on SCA issues releases join table to be not nullable': success | time=4ms
2025.07.24 06:25:45 INFO  web[][DbMigrations] 45/93 #202503006 'Add is_new column to SCA releases'...
2025.07.24 06:25:45 INFO  web[][DbMigrations] 45/93 #202503006 'Add is_new column to SCA releases': success | time=3ms
2025.07.24 06:25:45 INFO  web[][DbMigrations] 46/93 #202503007 'Add is_new column to SCA dependencies'...
2025.07.24 06:25:45 INFO  web[][DbMigrations] 46/93 #202503007 'Add is_new column to SCA dependencies': success | time=3ms
2025.07.24 06:25:45 INFO  web[][DbMigrations] 47/93 #202503008 'Migrate to is_new on SCA releases'...
2025.07.24 06:25:45 INFO  web[][o.s.s.p.d.m.s.MassUpdate] 0 rows processed (0 items/sec)
2025.07.24 06:25:45 INFO  web[][DbMigrations] 47/93 #202503008 'Migrate to is_new on SCA releases': success | time=4ms
2025.07.24 06:25:45 INFO  web[][DbMigrations] 48/93 #202503009 'Migrate to is_new on SCA dependencies'...
2025.07.24 06:25:45 INFO  web[][o.s.s.p.d.m.s.MassUpdate] 0 rows processed (0 items/sec)
2025.07.24 06:25:45 INFO  web[][DbMigrations] 48/93 #202503009 'Migrate to is_new on SCA dependencies': success | time=4ms
2025.07.24 06:25:45 INFO  web[][DbMigrations] 49/93 #202503010 'Drop new_in_pull_request column from SCA releases'...
2025.07.24 06:25:45 INFO  web[][DbMigrations] 49/93 #202503010 'Drop new_in_pull_request column from SCA releases': success | time=4ms
2025.07.24 06:25:45 INFO  web[][DbMigrations] 50/93 #202503011 'Drop new_in_pull_request column from SCA dependencies'...
2025.07.24 06:25:45 INFO  web[][DbMigrations] 50/93 #202503011 'Drop new_in_pull_request column from SCA dependencies': success | time=4ms
2025.07.24 06:25:45 INFO  web[][DbMigrations] 51/93 #202503012 'Add assignee to SCA issues releases'...
2025.07.24 06:25:45 INFO  web[][DbMigrations] 51/93 #202503012 'Add assignee to SCA issues releases': success | time=5ms
2025.07.24 06:25:45 INFO  web[][DbMigrations] 52/93 #202503013 'Create ScaIssuesReleasesHistory table'...
2025.07.24 06:25:45 INFO  web[][DbMigrations] 52/93 #202503013 'Create ScaIssuesReleasesHistory table': success | time=2ms
2025.07.24 06:25:45 INFO  web[][DbMigrations] 53/93 #202503014 'Create index for sca_issues_releases UUID on changes table'...
2025.07.24 06:25:45 INFO  web[][DbMigrations] 53/93 #202503014 'Create index for sca_issues_releases UUID on changes table': success | time=2ms
2025.07.24 06:25:45 INFO  web[][DbMigrations] 54/93 #202503015 'Update default SCA dependency issue status to OPEN from TO_REVIEW'...
2025.07.24 06:25:45 INFO  web[][o.s.s.p.d.m.s.MassUpdate] 0 rows processed (0 items/sec)
2025.07.24 06:25:45 INFO  web[][DbMigrations] 54/93 #202503015 'Update default SCA dependency issue status to OPEN from TO_REVIEW': success | time=3ms
2025.07.24 06:25:45 INFO  web[][DbMigrations] 55/93 #202503016 'Create SCA license profiles table'...
2025.07.24 06:25:45 INFO  web[][DbMigrations] 55/93 #202503016 'Create SCA license profiles table': success | time=3ms
2025.07.24 06:25:45 INFO  web[][DbMigrations] 56/93 #202503017 'Create SCA license profiles projects join table'...
2025.07.24 06:25:45 INFO  web[][DbMigrations] 56/93 #202503017 'Create SCA license profiles projects join table': success | time=3ms
2025.07.24 06:25:45 INFO  web[][DbMigrations] 57/93 #202503018 'Create unique index on SCA license profiles projects join table'...
2025.07.24 06:25:45 INFO  web[][DbMigrations] 57/93 #202503018 'Create unique index on SCA license profiles projects join table': success | time=2ms
2025.07.24 06:25:45 INFO  web[][DbMigrations] 58/93 #202503019 'Create SCA license profile customizations table'...
2025.07.24 06:25:45 INFO  web[][DbMigrations] 58/93 #202503019 'Create SCA license profile customizations table': success | time=2ms
2025.07.24 06:25:45 INFO  web[][DbMigrations] 59/93 #202503020 'Create SCA license profile categories table'...
2025.07.24 06:25:45 INFO  web[][DbMigrations] 59/93 #202503020 'Create SCA license profile categories table': success | time=2ms
2025.07.24 06:25:45 INFO  web[][DbMigrations] 60/93 #202503021 'Create unique index on SCA license profile categories table'...
2025.07.24 06:25:45 INFO  web[][DbMigrations] 60/93 #202503021 'Create unique index on SCA license profile categories table': success | time=2ms
2025.07.24 06:25:45 INFO  web[][DbMigrations] 61/93 #202503022 'Create unique index on SCA license profile customizations table'...
2025.07.24 06:25:45 INFO  web[][DbMigrations] 61/93 #202503022 'Create unique index on SCA license profile customizations table': success | time=3ms
2025.07.24 06:25:45 INFO  web[][DbMigrations] 62/93 #202503023 'Create unique index on SCA license profiles table'...
2025.07.24 06:25:45 INFO  web[][DbMigrations] 62/93 #202503023 'Create unique index on SCA license profiles table': success | time=3ms
2025.07.24 06:25:45 INFO  web[][DbMigrations] 63/93 #202503024 'Create SCA encountered licenses table'...
2025.07.24 06:25:45 INFO  web[][DbMigrations] 63/93 #202503024 'Create SCA encountered licenses table': success | time=3ms
2025.07.24 06:25:45 INFO  web[][DbMigrations] 64/93 #202503025 'Create SCA encountered licenses unique index'...
2025.07.24 06:25:45 INFO  web[][DbMigrations] 64/93 #202503025 'Create SCA encountered licenses unique index': success | time=2ms
2025.07.24 06:25:45 INFO  web[][DbMigrations] 65/93 #202503026 'Add change_comment to SCA issues releases changes'...
2025.07.24 06:25:45 INFO  web[][DbMigrations] 65/93 #202503026 'Add change_comment to SCA issues releases changes': success | time=3ms
2025.07.24 06:25:45 INFO  web[][DbMigrations] 66/93 #202503027 'Drop change_type from SCA issues releases changes'...
2025.07.24 06:25:45 INFO  web[][DbMigrations] 66/93 #202503027 'Drop change_type from SCA issues releases changes': success | time=3ms
2025.07.24 06:25:45 INFO  web[][DbMigrations] 67/93 #202503028 'Remove duplicates from SCA releases table'...
2025.07.24 06:25:45 INFO  web[][DbMigrations] 67/93 #202503028 'Remove duplicates from SCA releases table': success | time=6ms
2025.07.24 06:25:45 INFO  web[][DbMigrations] 68/93 #202503029 'Create unique index on SCA releases table'...
2025.07.24 06:25:45 INFO  web[][DbMigrations] 68/93 #202503029 'Create unique index on SCA releases table': success | time=3ms
2025.07.24 06:25:45 INFO  web[][DbMigrations] 69/93 #202503030 'Create SCA analyses table'...
2025.07.24 06:25:45 INFO  web[][DbMigrations] 69/93 #202503030 'Create SCA analyses table': success | time=3ms
2025.07.24 06:25:45 INFO  web[][DbMigrations] 70/93 #202503031 'Create unique index on SCA analyses table'...
2025.07.24 06:25:45 INFO  web[][DbMigrations] 70/93 #202503031 'Create unique index on SCA analyses table': success | time=2ms
2025.07.24 06:25:45 INFO  web[][DbMigrations] 71/93 #202503032 'Add 'analysis_uuid' column to 'architecture_graphs' table'...
2025.07.24 06:25:45 INFO  web[][DbMigrations] 71/93 #202503032 'Add 'analysis_uuid' column to 'architecture_graphs' table': success | time=3ms
2025.07.24 06:25:45 INFO  web[][DbMigrations] 72/93 #202503033 'Add 'perspective_key' column to 'architecture_graphs' table'...
2025.07.24 06:25:45 INFO  web[][DbMigrations] 72/93 #202503033 'Add 'perspective_key' column to 'architecture_graphs' table': success | time=3ms
2025.07.24 06:25:45 INFO  web[][DbMigrations] 73/93 #202503034 'Drop unique index on 'architecture_graphs' table'...
2025.07.24 06:25:45 INFO  web[][DbMigrations] 73/93 #202503034 'Drop unique index on 'architecture_graphs' table': success | time=2ms
2025.07.24 06:25:45 INFO  web[][DbMigrations] 74/93 #202503035 'Rename column 'source' to 'ecosystem' on 'architecture_graphs' table'...
2025.07.24 06:25:45 INFO  web[][DbMigrations] 74/93 #202503035 'Rename column 'source' to 'ecosystem' on 'architecture_graphs' table': success | time=5ms
2025.07.24 06:25:45 INFO  web[][DbMigrations] 75/93 #202503036 'Create unique index on 'architecture_graphs' table'...
2025.07.24 06:25:45 INFO  web[][DbMigrations] 75/93 #202503036 'Create unique index on 'architecture_graphs' table': success | time=2ms
2025.07.24 06:25:45 INFO  web[][DbMigrations] 76/93 #202503037 'Add previous_manual_status to SCA issues releases'...
2025.07.24 06:25:45 INFO  web[][DbMigrations] 76/93 #202503037 'Add previous_manual_status to SCA issues releases': success | time=3ms
2025.07.24 06:25:45 INFO  web[][DbMigrations] 77/93 #202503038 'Add 'graph_version' column to 'architecture_graphs' table'...
2025.07.24 06:25:45 INFO  web[][DbMigrations] 77/93 #202503038 'Add 'graph_version' column to 'architecture_graphs' table': success | time=4ms
2025.07.24 06:25:45 INFO  web[][DbMigrations] 78/93 #202503039 'Add assignee name to SCA issues releases'...
2025.07.24 06:25:45 INFO  web[][DbMigrations] 78/93 #202503039 'Add assignee name to SCA issues releases': success | time=3ms
2025.07.24 06:25:45 INFO  web[][DbMigrations] 79/93 #202503040 'Drop assignee name from SCA issues releases'...
2025.07.24 06:25:45 INFO  web[][DbMigrations] 79/93 #202503040 'Drop assignee name from SCA issues releases': success | time=4ms
2025.07.24 06:25:45 INFO  web[][DbMigrations] 80/93 #202503041 'Remove AssigneeName from Sca issue release changes'...
2025.07.24 06:25:45 INFO  web[][o.s.s.p.d.m.s.MassUpdate] 0 rows processed (0 items/sec)
2025.07.24 06:25:45 INFO  web[][DbMigrations] 80/93 #202503041 'Remove AssigneeName from Sca issue release changes': success | time=4ms
2025.07.24 06:25:45 INFO  web[][DbMigrations] 81/93 #202503042 'Remove non-canonical from Sca encountered licenses'...
2025.07.24 06:25:45 INFO  web[][DbMigrations] 81/93 #202503042 'Remove non-canonical from Sca encountered licenses': success | time=1ms
2025.07.24 06:25:45 INFO  web[][DbMigrations] 82/93 #202503043 'Add 'policy_updated_at' to Sca license profiles'...
2025.07.24 06:25:45 INFO  web[][DbMigrations] 82/93 #202503043 'Add 'policy_updated_at' to Sca license profiles': success | time=3ms
2025.07.24 06:25:45 INFO  web[][DbMigrations] 83/93 #202503044 'Populate 'policy_updated_at' column for Sca license profiles'...
2025.07.24 06:25:45 INFO  web[][o.s.s.p.d.m.s.MassUpdate] 0 rows processed (0 items/sec)
2025.07.24 06:25:45 INFO  web[][DbMigrations] 83/93 #202503044 'Populate 'policy_updated_at' column for Sca license profiles': success | time=4ms
2025.07.24 06:25:45 INFO  web[][DbMigrations] 84/93 #202503045 'Update 'policy_updated_at' column for Sca license profiles to be not nullable'...
2025.07.24 06:25:45 INFO  web[][DbMigrations] 84/93 #202503045 'Update 'policy_updated_at' column for Sca license profiles to be not nullable': success | time=3ms
2025.07.24 06:25:45 INFO  web[][DbMigrations] 85/93 #202504000 'Add 'withdrawn' column to 'sca_vulnerability_issues' table'...
2025.07.24 06:25:45 INFO  web[][DbMigrations] 85/93 #202504000 'Add 'withdrawn' column to 'sca_vulnerability_issues' table': success | time=3ms
2025.07.24 06:25:45 INFO  web[][DbMigrations] 86/93 #202504001 'Add 'organization_uuid' column to 'sca_license_profiles' table'...
2025.07.24 06:25:45 INFO  web[][DbMigrations] 86/93 #202504001 'Add 'organization_uuid' column to 'sca_license_profiles' table': success | time=4ms
2025.07.24 06:25:45 INFO  web[][DbMigrations] 87/93 #202504002 'Drop unique index from 'sca_license_profiles''...
2025.07.24 06:25:45 INFO  web[][DbMigrations] 87/93 #202504002 'Drop unique index from 'sca_license_profiles'': success | time=2ms
2025.07.24 06:25:45 INFO  web[][DbMigrations] 88/93 #202504003 'Create unique index from 'sca_license_profiles''...
2025.07.24 06:25:45 INFO  web[][DbMigrations] 88/93 #202504003 'Create unique index from 'sca_license_profiles'': success | time=2ms
2025.07.24 06:25:45 INFO  web[][DbMigrations] 89/93 #202504004 'Add index on 'alm_repo' column in 'project_alm_settings' table'...
2025.07.24 06:25:45 INFO  web[][DbMigrations] 89/93 #202504004 'Add index on 'alm_repo' column in 'project_alm_settings' table': success | time=2ms
2025.07.24 06:25:45 INFO  web[][DbMigrations] 90/93 #202504005 'Add 'original_severity' and 'manual_severity' columns to 'sca_issues_releases' table'...
2025.07.24 06:25:45 INFO  web[][DbMigrations] 90/93 #202504005 'Add 'original_severity' and 'manual_severity' columns to 'sca_issues_releases' table': success | time=5ms
2025.07.24 06:25:45 INFO  web[][DbMigrations] 91/93 #202504006 'Populate 'original_severity' column for 'sca_issues_releases' table'...
2025.07.24 06:25:45 INFO  web[][o.s.s.p.d.m.s.MassUpdate] 0 rows processed (0 items/sec)
2025.07.24 06:25:45 INFO  web[][DbMigrations] 91/93 #202504006 'Populate 'original_severity' column for 'sca_issues_releases' table': success | time=4ms
2025.07.24 06:25:45 INFO  web[][DbMigrations] 92/93 #202504007 'Update 'original_severity' column to be not nullable in 'sca_issues_releases' table'...
2025.07.24 06:25:45 INFO  web[][DbMigrations] 92/93 #202504007 'Update 'original_severity' column to be not nullable in 'sca_issues_releases' table': success | time=4ms
2025.07.24 06:25:45 INFO  web[][DbMigrations] 93/93 #202504008 'Update size of 'name' column in 'rules' table'...
2025.07.24 06:25:45 INFO  web[][DbMigrations] 93/93 #202504008 'Update size of 'name' column in 'rules' table': success | time=2ms
2025.07.24 06:25:45 INFO  web[][DbMigrations] Executed 93/93 DB migrations: success | time=639ms
2025.07.24 06:25:45 INFO  web[][o.s.s.p.Platform] Database has been automatically updated
2025.07.24 06:25:45 INFO  web[][o.s.s.p.w.MasterServletFilter] Initializing servlet filter org.sonar.server.platform.web.WebServiceFilter@472c9f88 [pattern=UrlPattern{inclusions=[/api/system/migrate_db.*, ...], exclusions=[/api/components/update_key, ...]}]
2025.07.24 06:25:45 INFO  web[][o.s.s.p.w.MasterServletFilter] Initializing servlet filter org.sonar.server.platform.web.NoCacheFilter@6f867b0c [pattern=UrlPattern{inclusions=[/api/v2/*], exclusions=[]}]
2025.07.24 06:25:45 INFO  web[][o.s.s.p.DetectPluginChange] Detect plugin changes
2025.07.24 06:25:45 INFO  web[][o.s.s.s.PropertiesDBCleaner] Clean up properties from db
2025.07.24 06:25:46 INFO  web[][o.h.v.i.util.Version] HV000001: Hibernate Validator 9.0.0.Final
2025.07.24 06:25:46 INFO  web[][o.s.s.e.IndexCreator] Create index [metadatas]
2025.07.24 06:25:47 INFO  web[][o.s.s.e.IndexCreator] Create mapping metadatas
2025.07.24 06:25:47 INFO  web[][o.s.s.e.IndexCreator] Create index [components]
2025.07.24 06:25:49 INFO  web[][o.s.s.e.IndexCreator] Create mapping components
2025.07.24 06:25:50 INFO  web[][o.s.s.e.IndexCreator] Create index [projectmeasures]
2025.07.24 06:25:51 INFO  web[][o.s.s.e.IndexCreator] Create mapping projectmeasures
2025.07.24 06:25:51 INFO  web[][o.s.s.e.IndexCreator] Create index [rules]
2025.07.24 06:25:53 INFO  web[][o.s.s.e.IndexCreator] Create mapping rules
2025.07.24 06:25:53 INFO  web[][o.s.s.e.IndexCreator] Create index [issues]
2025.07.24 06:25:55 INFO  web[][o.s.s.e.IndexCreator] Create mapping issues
2025.07.24 06:25:55 INFO  web[][o.s.s.e.IndexCreator] Create index [views]
2025.07.24 06:25:57 INFO  web[][o.s.s.e.IndexCreator] Create mapping views
2025.07.24 06:25:57 INFO  web[][o.s.s.s.LogServerId] Server ID: 147B411E-AZg7G_iPgbCwC1oYV6re
2025.07.24 06:25:57 INFO  web[][o.o.c.c.InitializationService] Initializing OpenSAML using the Java Services API
2025.07.24 06:25:57 INFO  web[][o.o.x.a.AlgorithmRegistry] Algorithm failed runtime support check, will not be usable: http://www.w3.org/2001/04/xmlenc#ripemd160
2025.07.24 06:25:57 INFO  web[][o.o.x.a.AlgorithmRegistry] Algorithm failed runtime support check, will not be usable: http://www.w3.org/2001/04/xmldsig-more#hmac-ripemd160
2025.07.24 06:25:57 INFO  web[][o.o.x.a.AlgorithmRegistry] Algorithm failed runtime support check, will not be usable: http://www.w3.org/2001/04/xmldsig-more#rsa-ripemd160
2025.07.24 06:25:57 WARN  web[][o.s.s.a.LogOAuthWarning] For security reasons, OAuth authentication should use HTTPS. You should set the property 'Administration > Configuration > Server base URL' to an HTTPS URL.
2025.07.24 06:25:57 INFO  web[][o.s.s.p.UpdateCenterClient] Update center: https://downloads.sonarsource.com/sonarqube/update/update-center.properties
2025.07.24 06:25:58 INFO  web[][o.s.s.a.p.ExpiredSessionsCleaner] Purge of expired session tokens has removed 0 elements
2025.07.24 06:25:58 INFO  web[][o.s.s.a.p.ExpiredSessionsCleaner] Purge of expired SAML message ids has removed 0 elements
2025.07.24 06:25:58 INFO  web[][o.s.s.n.NotificationDaemon] Notification service started (delay 60 sec.)
2025.07.24 06:25:58 INFO  web[][o.s.t.TelemetryDaemon] Sharing of SonarQube statistics is enabled.
2025.07.24 06:25:59 INFO  web[][o.s.s.r.r.RulesRegistrant] Register rules
2025.07.24 06:26:32 INFO  web[][o.s.s.s.RegisterMetrics] Register metrics
2025.07.24 06:26:32 INFO  web[][o.s.s.q.RegisterQualityGates] Quality Gate's conditions of [Sonar way] has been updated
2025.07.24 06:26:32 INFO  web[][o.s.s.q.b.BuiltInQProfileRepositoryImpl] Load quality profiles
2025.07.24 06:26:32 INFO  web[][o.s.s.q.RegisterQualityProfiles] Register quality profiles
2025.07.24 06:26:32 INFO  web[][o.s.s.q.RegisterQualityProfiles] Register profile kubernetes/Sonar way
2025.07.24 06:26:33 INFO  web[][o.s.s.q.RegisterQualityProfiles] Register profile css/Sonar way
2025.07.24 06:26:33 INFO  web[][o.s.s.q.RegisterQualityProfiles] Register profile scala/Sonar way
2025.07.24 06:26:33 INFO  web[][o.s.s.q.RegisterQualityProfiles] Register profile jsp/Sonar way
2025.07.24 06:26:33 INFO  web[][o.s.s.q.RegisterQualityProfiles] Register profile js/Sonar way
2025.07.24 06:26:33 INFO  web[][o.s.s.q.RegisterQualityProfiles] Register profile py/Sonar way
2025.07.24 06:26:34 INFO  web[][o.s.s.q.RegisterQualityProfiles] Register profile docker/Sonar way
2025.07.24 06:26:34 INFO  web[][o.s.s.q.RegisterQualityProfiles] Register profile rust/Sonar way
2025.07.24 06:26:34 INFO  web[][o.s.s.q.RegisterQualityProfiles] Register profile java/Sonar way
2025.07.24 06:26:34 INFO  web[][o.s.s.q.RegisterQualityProfiles] Register profile web/Sonar way
2025.07.24 06:26:35 INFO  web[][o.s.s.q.RegisterQualityProfiles] Register profile flex/Sonar way
2025.07.24 06:26:35 INFO  web[][o.s.s.q.RegisterQualityProfiles] Register profile xml/Sonar way
2025.07.24 06:26:35 INFO  web[][o.s.s.q.RegisterQualityProfiles] Register profile json/Sonar way
2025.07.24 06:26:35 INFO  web[][o.s.s.q.RegisterQualityProfiles] Register profile ipynb/Sonar way
2025.07.24 06:26:36 INFO  web[][o.s.s.q.RegisterQualityProfiles] Register profile text/Sonar way
2025.07.24 06:26:36 INFO  web[][o.s.s.q.RegisterQualityProfiles] Register profile vbnet/Sonar way
2025.07.24 06:26:36 INFO  web[][o.s.s.q.RegisterQualityProfiles] Register profile cloudformation/Sonar way
2025.07.24 06:26:36 INFO  web[][o.s.s.q.RegisterQualityProfiles] Register profile yaml/Sonar way
2025.07.24 06:26:36 INFO  web[][o.s.s.q.RegisterQualityProfiles] Register profile kotlin/Sonar way
2025.07.24 06:26:36 INFO  web[][o.s.s.q.RegisterQualityProfiles] Register profile go/Sonar way
2025.07.24 06:26:37 INFO  web[][o.s.s.q.RegisterQualityProfiles] Register profile secrets/Sonar way
2025.07.24 06:26:37 INFO  web[][o.s.s.q.RegisterQualityProfiles] Register profile ruby/Sonar way
2025.07.24 06:26:37 INFO  web[][o.s.s.q.RegisterQualityProfiles] Register profile cs/Sonar way
2025.07.24 06:26:37 INFO  web[][o.s.s.q.RegisterQualityProfiles] Register profile php/Sonar way
2025.07.24 06:26:38 INFO  web[][o.s.s.q.RegisterQualityProfiles] Register profile terraform/Sonar way
2025.07.24 06:26:38 INFO  web[][o.s.s.q.RegisterQualityProfiles] Register profile azureresourcemanager/Sonar way
2025.07.24 06:26:38 INFO  web[][o.s.s.q.RegisterQualityProfiles] Register profile ts/Sonar way
2025.07.24 06:26:38 INFO  web[][o.s.s.s.RegisterPermissionTemplates] Register permission templates
2025.07.24 06:26:38 INFO  web[][o.s.s.s.RenameDeprecatedPropertyKeys] Rename deprecated property keys
2025.07.24 06:26:38 INFO  web[][o.s.s.s.RegisterPlugins] Register plugins
2025.07.24 06:26:38 INFO  web[][o.s.s.p.w.MasterServletFilter] Initializing servlet filter org.sonar.server.platform.web.SonarQubeIdeConnectionFilter@66c44d6 [pattern=UrlPattern{inclusions=[/api/*], exclusions=[/api/v2/*]}]
2025.07.24 06:26:38 INFO  web[][o.s.s.p.w.MasterServletFilter] Initializing servlet filter org.sonar.server.platform.web.WebServiceFilter@71ca5ff7 [pattern=UrlPattern{inclusions=[/api/issues/delete_comment.*, ...], exclusions=[/api/authentication/login.*, ...]}]
2025.07.24 06:26:38 INFO  web[][o.s.s.p.w.MasterServletFilter] Initializing servlet filter org.sonar.server.platform.web.NoCacheFilter@7616792 [pattern=UrlPattern{inclusions=[/api/v2/*], exclusions=[]}]
2025.07.24 06:26:38 INFO  web[][o.s.s.p.w.MasterServletFilter] Initializing servlet filter org.sonar.server.platform.web.WebServiceReroutingFilter@3866e6de [pattern=UrlPattern{inclusions=[/api/components/update_key, ...], exclusions=[]}]
2025.07.24 06:26:38 INFO  web[][o.s.s.p.w.MasterServletFilter] Initializing servlet filter org.sonar.server.authentication.DefaultAdminCredentialsVerifierFilter@5cc85ff0 [pattern=UrlPattern{inclusions=[/*], exclusions=[*.css, ...]}]
2025.07.24 06:26:38 INFO  web[][o.s.s.p.w.MasterServletFilter] Initializing servlet filter org.sonar.server.authentication.InitFilter@7f5e9679 [pattern=UrlPattern{inclusions=[/sessions/init/*], exclusions=[]}]
2025.07.24 06:26:38 INFO  web[][o.s.s.p.w.MasterServletFilter] Initializing servlet filter org.sonar.server.authentication.SamlValidationRedirectionFilter@738f33f7 [pattern=UrlPattern{inclusions=[/oauth2/callback/saml], exclusions=[]}]
2025.07.24 06:26:38 INFO  web[][o.s.s.p.w.MasterServletFilter] Initializing servlet filter org.sonar.server.authentication.OAuth2CallbackFilter@7cd06b4e [pattern=UrlPattern{inclusions=[/oauth2/callback/*], exclusions=[]}]
2025.07.24 06:26:38 INFO  web[][o.s.s.p.w.MasterServletFilter] Initializing servlet filter org.sonar.server.authentication.ResetPasswordFilter@62799cfb [pattern=UrlPattern{inclusions=[/*], exclusions=[*.css, ...]}]
2025.07.24 06:26:38 INFO  web[][o.s.s.p.w.MasterServletFilter] Initializing servlet filter org.sonar.server.authentication.ws.LoginAction@52ea659 [pattern=UrlPattern{inclusions=[/api/authentication/login], exclusions=[]}]
2025.07.24 06:26:38 INFO  web[][o.s.s.p.w.MasterServletFilter] Initializing servlet filter org.sonar.server.authentication.ws.LogoutAction@48668871 [pattern=UrlPattern{inclusions=[/api/authentication/logout], exclusions=[]}]
2025.07.24 06:26:38 INFO  web[][o.s.s.p.w.MasterServletFilter] Initializing servlet filter org.sonar.server.authentication.ws.ValidateAction@62d0a9ee [pattern=UrlPattern{inclusions=[/api/authentication/validate], exclusions=[]}]
2025.07.24 06:26:38 INFO  web[][o.s.s.p.w.MasterServletFilter] Initializing servlet filter org.sonar.server.saml.ws.ValidationInitAction@51acd34b [pattern=UrlPattern{inclusions=[/saml/validation_init], exclusions=[]}]
2025.07.24 06:26:38 INFO  web[][o.s.s.p.w.MasterServletFilter] Initializing servlet filter org.sonar.server.saml.ws.ValidationAction@6862aefd [pattern=UrlPattern{inclusions=[/saml/validation], exclusions=[]}]
2025.07.24 06:26:38 INFO  web[][o.s.s.p.w.MasterServletFilter] Initializing servlet filter org.sonar.server.user.ws.ChangePasswordAction@691f2393 [pattern=UrlPattern{inclusions=[/api/users/change_password], exclusions=[]}]
2025.07.24 06:26:38 INFO  web[][o.s.s.p.w.MasterServletFilter] Initializing servlet filter org.sonar.server.plugins.PluginsRiskConsentFilter@6385a5cc [pattern=UrlPattern{inclusions=[/*], exclusions=[*.css, ...]}]
2025.07.24 06:26:38 INFO  web[][o.s.s.e.IndexerStartupTask] Indexing of type [projectmeasures/auth/projectmeasure]...
2025.07.24 06:26:39 INFO  web[][o.s.s.e.IndexerStartupTask] Indexing of type [projectmeasures/auth/projectmeasure] done | time=214ms
2025.07.24 06:26:39 INFO  web[][o.s.s.e.IndexerStartupTask] Indexing of type [components/auth/component]...
2025.07.24 06:26:39 INFO  web[][o.s.s.e.IndexerStartupTask] Indexing of type [components/auth/component] done | time=184ms
2025.07.24 06:26:39 INFO  web[][o.s.s.e.IndexerStartupTask] Indexing of type [views/view]...
2025.07.24 06:26:39 INFO  web[][o.s.s.e.IndexerStartupTask] Indexing of type [views/view] done | time=477ms
2025.07.24 06:26:39 INFO  web[][o.s.s.e.IndexerStartupTask] Trigger asynchronous indexing of type [issues/auth/issue]...
2025.07.24 06:26:39 INFO  web[][o.s.s.i.i.AsyncIssueIndexingImpl] 0 pending indexing task found to be deleted...
2025.07.24 06:26:39 INFO  web[][o.s.s.i.i.AsyncIssueIndexingImpl] 0 completed indexing task found to be deleted...
2025.07.24 06:26:39 INFO  web[][o.s.s.i.i.AsyncIssueIndexingImpl] Indexing task deletion complete.
2025.07.24 06:26:39 INFO  web[][o.s.s.i.i.AsyncIssueIndexingImpl] Deleting tasks characteristics...
2025.07.24 06:26:39 INFO  web[][o.s.s.i.i.AsyncIssueIndexingImpl] Tasks characteristics deletion complete.
2025.07.24 06:26:39 INFO  web[][o.s.s.i.i.AsyncIssueIndexingImpl] 0 branch found in need of issue sync.
2025.07.24 06:26:40 INFO  web[][o.s.s.e.IndexerStartupTask] Trigger asynchronous indexing of type [issues/auth/issue] done | time=311ms
2025.07.24 06:26:40 INFO  web[][o.s.s.e.IndexerStartupTask] Indexing of types [components/auth],[projectmeasures/auth],[issues/auth]...
2025.07.24 06:26:40 INFO  web[][o.s.s.e.IndexerStartupTask] Indexing of types [components/auth],[projectmeasures/auth],[issues/auth] done | time=501ms
2025.07.24 06:26:40 INFO  web[][o.s.s.p.p.PlatformLevelStartup] Running Community Edition
2025.07.24 06:26:40 INFO  web[][o.s.s.p.Platform] Web Server is operational
2025.07.24 06:30:10 INFO  web[][o.s.p.ProcessEntryPoint] Gracefully stopping process
2025.07.24 06:30:10 INFO  web[][o.s.s.n.NotificationDaemon] Notification service stopped
2025.07.24 06:30:10 INFO  web[][c.z.h.HikariDataSource] HikariPool-1 - Shutdown initiated...
2025.07.24 06:30:11 INFO  web[][c.z.h.HikariDataSource] HikariPool-1 - Shutdown completed.
2025.07.24 06:30:11 INFO  web[][o.s.s.p.d.EmbeddedDatabase] Embedded database stopped
2025.07.24 06:30:11 WARN  web[][o.a.c.l.WebappClassLoaderBase] The web application [ROOT] appears to have started a thread named [OkHttp TaskRunner] but has failed to stop it. This is very likely to create a memory leak. Stack trace of thread:\n java.base/java.lang.Object.wait0(Native Method)\n java.base/java.lang.Object.wait(Unknown Source)\n java.base/java.lang.Object.wait(Unknown Source)\n okhttp3.internal.concurrent.TaskRunner$RealBackend.coordinatorWait(TaskRunner.kt:294)\n okhttp3.internal.concurrent.TaskRunner.awaitTaskToRun(TaskRunner.kt:218)\n okhttp3.internal.concurrent.TaskRunner$runnable$1.run(TaskRunner.kt:59)\n java.base/java.util.concurrent.ThreadPoolExecutor.runWorker(Unknown Source)\n java.base/java.util.concurrent.ThreadPoolExecutor$Worker.run(Unknown Source)\n java.base/java.lang.Thread.run(Unknown Source)
2025.07.24 06:30:11 INFO  web[][o.s.s.app.WebServer] Web Server stopped
